0 info it worked if it ends with ok
1 verbose cli [ '/usr/local/bin/iojs',
1 verbose cli   '/usr/local/bin/npm',
1 verbose cli   'publish',
1 verbose cli   'jsgraph-waveform' ]
2 info using npm@3.3.6
3 info using node@v5.0.0
4 verbose publish [ 'jsgraph-waveform' ]
5 silly cache add args [ 'jsgraph-waveform', null ]
6 verbose cache add spec jsgraph-waveform
7 silly cache add parsed spec Result {
7 silly cache add   raw: 'jsgraph-waveform',
7 silly cache add   scope: null,
7 silly cache add   name: 'jsgraph-waveform',
7 silly cache add   rawSpec: '',
7 silly cache add   spec: '*',
7 silly cache add   type: 'range' }
8 silly addNamed jsgraph-waveform@*
9 verbose addNamed "*" is a valid semver range for jsgraph-waveform
10 silly addNameRange { name: 'jsgraph-waveform', range: '*', hasData: false }
11 silly mapToRegistry name jsgraph-waveform
12 silly mapToRegistry using default registry
13 silly mapToRegistry registry https://registry.npmjs.org/
14 silly mapToRegistry uri https://registry.npmjs.org/jsgraph-waveform
15 verbose addNameRange registry:https://registry.npmjs.org/jsgraph-waveform not in flight; fetching
16 verbose request uri https://registry.npmjs.org/jsgraph-waveform
17 verbose request no auth needed
18 info attempt registry request try #1 at 3:25:32 PM
19 verbose request using bearer token for auth
20 verbose request id d72f9b047ed57f16
21 verbose etag W/"599592fa-6de"
22 verbose lastModified Thu, 17 Aug 2017 12:58:34 GMT
23 http request GET https://registry.npmjs.org/jsgraph-waveform
24 http 304 https://registry.npmjs.org/jsgraph-waveform
25 verbose headers { server: 'nginx/1.10.1',
25 verbose headers   'last-modified': 'Thu, 17 Aug 2017 12:58:34 GMT',
25 verbose headers   etag: '"599592fa-6de"',
25 verbose headers   'cache-control': 'max-age=300',
25 verbose headers   'accept-ranges': 'bytes',
25 verbose headers   date: 'Thu, 17 Aug 2017 13:25:40 GMT',
25 verbose headers   via: '1.1 varnish',
25 verbose headers   connection: 'keep-alive',
25 verbose headers   'x-served-by': 'cache-ams4122-AMS',
25 verbose headers   'x-cache': 'MISS',
25 verbose headers   'x-cache-hits': '0',
25 verbose headers   'x-timer': 'S1502976333.715795,VS0,VE8188',
25 verbose headers   vary: 'Accept-Encoding, Accept' }
26 silly get cb [ 304,
26 silly get   { server: 'nginx/1.10.1',
26 silly get     'last-modified': 'Thu, 17 Aug 2017 12:58:34 GMT',
26 silly get     etag: '"599592fa-6de"',
26 silly get     'cache-control': 'max-age=300',
26 silly get     'accept-ranges': 'bytes',
26 silly get     date: 'Thu, 17 Aug 2017 13:25:40 GMT',
26 silly get     via: '1.1 varnish',
26 silly get     connection: 'keep-alive',
26 silly get     'x-served-by': 'cache-ams4122-AMS',
26 silly get     'x-cache': 'MISS',
26 silly get     'x-cache-hits': '0',
26 silly get     'x-timer': 'S1502976333.715795,VS0,VE8188',
26 silly get     vary: 'Accept-Encoding, Accept' } ]
27 verbose etag https://registry.npmjs.org/jsgraph-waveform from cache
28 verbose get saving jsgraph-waveform to /Users/normanpellet/.npm/registry.npmjs.org/jsgraph-waveform/.cache.json
29 silly addNameRange number 2 { name: 'jsgraph-waveform', range: '*', hasData: true }
30 silly addNameRange versions [ 'jsgraph-waveform', [ '0.0.1' ] ]
31 silly addNamed jsgraph-waveform@0.0.1
32 verbose addNamed "0.0.1" is a plain semver version for jsgraph-waveform
33 silly cache afterAdd jsgraph-waveform@0.0.1
34 verbose afterAdd /Users/normanpellet/.npm/jsgraph-waveform/0.0.1/package/package.json not in flight; writing
35 verbose afterAdd /Users/normanpellet/.npm/jsgraph-waveform/0.0.1/package/package.json written
36 silly publish { name: 'jsgraph-waveform',
36 silly publish   description: 'Waveform library that represents and manipulates arrays of data',
36 silly publish   version: '0.0.1',
36 silly publish   scripts: {},
36 silly publish   main: 'waveform.js',
36 silly publish   files: [ 'waveform.js', 'fit_lm.js', 'data_aggregator.js' ],
36 silly publish   devDependencies: {},
36 silly publish   dependencies: {},
36 silly publish   repository: { type: 'git', url: 'https://github.com/NPellet/jsGraph' },
36 silly publish   license: 'MIT',
36 silly publish   gitHead: 'e6b885c7ca225fc8a17cf3316441fddb10c6436b',
36 silly publish   bugs: { url: 'https://github.com/NPellet/jsGraph/issues' },
36 silly publish   readme: 'ERROR: No README data found!',
36 silly publish   homepage: 'https://github.com/NPellet/jsGraph',
36 silly publish   _id: 'jsgraph-waveform@0.0.1',
36 silly publish   _shasum: 'fe660bf2778e0a731fff9d563a4d7f5cfe597573',
36 silly publish   _from: 'jsgraph-waveform@*' }
37 info lifecycle jsgraph-waveform@0.0.1~prepublish: jsgraph-waveform@0.0.1
38 silly lifecycle jsgraph-waveform@0.0.1~prepublish: no script for prepublish, continuing
39 verbose getPublishConfig undefined
40 silly mapToRegistry name jsgraph-waveform
41 silly mapToRegistry using default registry
42 silly mapToRegistry registry https://registry.npmjs.org/
43 silly mapToRegistry uri https://registry.npmjs.org/jsgraph-waveform
44 verbose publish registryBase https://registry.npmjs.org/
45 silly publish uploading /Users/normanpellet/.npm/jsgraph-waveform/0.0.1/package.tgz
46 verbose request uri https://registry.npmjs.org/jsgraph-waveform
47 verbose request sending authorization for write operation
48 info attempt registry request try #1 at 3:25:41 PM
49 verbose request using bearer token for auth
50 http request PUT https://registry.npmjs.org/jsgraph-waveform
51 http 403 https://registry.npmjs.org/jsgraph-waveform
52 verbose headers { 'content-type': 'application/json',
52 verbose headers   'cache-control': 'max-age=300',
52 verbose headers   'content-length': '95',
52 verbose headers   'accept-ranges': 'bytes',
52 verbose headers   date: 'Thu, 17 Aug 2017 13:25:41 GMT',
52 verbose headers   via: '1.1 varnish',
52 verbose headers   connection: 'keep-alive',
52 verbose headers   'x-served-by': 'cache-ams4442-AMS',
52 verbose headers   'x-cache': 'MISS',
52 verbose headers   'x-cache-hits': '0',
52 verbose headers   'x-timer': 'S1502976341.101494,VS0,VE824',
52 verbose headers   vary: 'Accept-Encoding, Accept' }
53 verbose request invalidating /Users/normanpellet/.npm/registry.npmjs.org/jsgraph-waveform on PUT
54 error publish Failed PUT 403
55 verbose stack Error: "You cannot publish over the previously published version 0.0.1." : jsgraph-waveform
55 verbose stack     at makeError (/usr/local/lib/node_modules/npm/node_modules/npm-registry-client/lib/request.js:264:12)
55 verbose stack     at CachingRegistryClient.<anonymous> (/usr/local/lib/node_modules/npm/node_modules/npm-registry-client/lib/request.js:252:14)
55 verbose stack     at Request._callback (/usr/local/lib/node_modules/npm/node_modules/npm-registry-client/lib/request.js:172:14)
55 verbose stack     at Request.self.callback (/usr/local/lib/node_modules/npm/node_modules/request/request.js:198:22)
55 verbose stack     at emitTwo (events.js:87:13)
55 verbose stack     at Request.emit (events.js:172:7)
55 verbose stack     at Request.<anonymous> (/usr/local/lib/node_modules/npm/node_modules/request/request.js:1063:14)
55 verbose stack     at emitOne (events.js:82:20)
55 verbose stack     at Request.emit (events.js:169:7)
55 verbose stack     at IncomingMessage.<anonymous> (/usr/local/lib/node_modules/npm/node_modules/request/request.js:1009:12)
56 verbose statusCode 403
57 verbose pkgid jsgraph-waveform
58 verbose cwd /Users/normanpellet/Documents/Web/graph/src/util
59 error Darwin 16.4.0
60 error argv "/usr/local/bin/iojs" "/usr/local/bin/npm" "publish" "jsgraph-waveform"
61 error node v5.0.0
62 error npm  v3.3.6
63 error code E403
64 error "You cannot publish over the previously published version 0.0.1." : jsgraph-waveform
65 error If you need help, you may report this error at:
65 error     <https://github.com/npm/npm/issues>
66 verbose exit [ 1, true ]
